[ 2015-04-27T09:38:54+08:00 ] 0.0.0.0 /dwz_thinkphp/Admin/index.php/Index/index.html
INFO: [ view_parse ] --START--
INFO: ParseTemplate Behavior ::run [ RunTime:0.067540s ]
INFO: [ view_parse ] --END-- [ RunTime:0.067657s ]
INFO: [ view_filter ] --START--
INFO: ContentReplace Behavior ::run [ RunTime:0.000796s ]
INFO: TokenBuild Behavior ::run [ RunTime:0.000636s ]
INFO: WriteHtmlCache Behavior ::run [ RunTime:0.000547s ]
INFO: ShowRuntime Behavior ::run [ RunTime:0.000775s ]
INFO: [ view_filter ] --END-- [ RunTime:0.003077s ]
INFO: [ view_end ] --START--
INFO: ShowPageTrace Behavior ::run [ RunTime:0.001022s ]
INFO: [ view_end ] --END-- [ RunTime:0.001128s ]

[ 2015-04-27T09:38:54+08:00 ] 0.0.0.0 /dwz_thinkphp/Admin/index.php/Index/index.html
INFO: [ view_parse ] --START--
INFO: ParseTemplate Behavior ::run [ RunTime:0.007360s ]
INFO: [ view_parse ] --END-- [ RunTime:0.007421s ]
INFO: [ view_filter ] --START--
INFO: ContentReplace Behavior ::run [ RunTime:0.000299s ]
INFO: TokenBuild Behavior ::run [ RunTime:0.000233s ]
INFO: WriteHtmlCache Behavior ::run [ RunTime:0.000218s ]
INFO: ShowRuntime Behavior ::run [ RunTime:0.000279s ]
INFO: [ view_filter ] --END-- [ RunTime:0.001132s ]
INFO: [ view_end ] --START--
INFO: ShowPageTrace Behavior ::run [ RunTime:0.000347s ]
INFO: [ view_end ] --END-- [ RunTime:0.000383s ]

[ 2015-04-27T09:38:56+08:00 ] 0.0.0.0 /dwz_thinkphp/Admin/index.php/Node/index/?_=1430098736560
INFO: [ app_begin ] --START--
INFO: ReadHtmlCache Behavior ::run [ RunTime:0.000428s ]
INFO: [ app_begin ] --END-- [ RunTime:0.000488s ]
SQL: SHOW COLUMNS FROM `group` [ RunTime:0.046128s ]
SQL: SELECT `id`,`title` FROM `group` WHERE ( status=1 )  [ RunTime:0.000297s ]
SQL: SHOW COLUMNS FROM `node` [ RunTime:0.002658s ]
NOTIC: [8] Undefined index: pid E:\xampp\htdocs\dwz_thinkphp\Admin\Lib\Action\NodeAction.class.php 第 11 行.
SQL: SHOW COLUMNS FROM `node` [ RunTime:0.002222s ]
SQL: SELECT * FROM `node` WHERE ( `id` = 0 ) LIMIT 1   [ RunTime:0.000371s ]
SQL: SELECT COUNT(id) AS tp_count FROM `node` WHERE ( `pid` = 0 ) LIMIT 1   [ RunTime:0.000324s ]
SQL: SELECT * FROM `node` WHERE ( `pid` = 0 ) ORDER BY `id` desc LIMIT 0,20   [ RunTime:0.000418s ]
INFO: [ view_parse ] --START--
NOTIC: [8] Undefined index: _order E:\xampp\htdocs\dwz_thinkphp\Admin\Runtime\Cache\fc73575304ffe6a06a61dd52ee406a2c.php 第 3 行.
NOTIC: [8] Undefined index: _sort E:\xampp\htdocs\dwz_thinkphp\Admin\Runtime\Cache\fc73575304ffe6a06a61dd52ee406a2c.php 第 4 行.
NOTIC: [8] Use of undefined constant __PUBLIC__ - assumed '__PUBLIC__' E:\xampp\htdocs\dwz_thinkphp\Admin\Common\common.php 第 70 行.
INFO: ParseTemplate Behavior ::run [ RunTime:0.030883s ]
INFO: [ view_parse ] --END-- [ RunTime:0.030963s ]
INFO: [ view_filter ] --START--
INFO: ContentReplace Behavior ::run [ RunTime:0.000370s ]
INFO: TokenBuild Behavior ::run [ RunTime:0.000312s ]
INFO: WriteHtmlCache Behavior ::run [ RunTime:0.000284s ]
INFO: ShowRuntime Behavior ::run [ RunTime:0.000402s ]
INFO: [ view_filter ] --END-- [ RunTime:0.001501s ]
INFO: [ view_end ] --START--
INFO: ShowPageTrace Behavior ::run [ RunTime:0.000500s ]
INFO: [ view_end ] --END-- [ RunTime:0.000798s ]

[ 2015-04-27T09:39:00+08:00 ] 0.0.0.0 /dwz_thinkphp/Admin/index.php/Role/index/?_=1430098737798
INFO: [ app_begin ] --START--
INFO: ReadHtmlCache Behavior ::run [ RunTime:0.000361s ]
INFO: [ app_begin ] --END-- [ RunTime:0.000412s ]
SQL: SHOW COLUMNS FROM `role` [ RunTime:0.038423s ]
NOTIC: [8] Undefined index: name E:\xampp\htdocs\dwz_thinkphp\Admin\Lib\Action\RoleAction.class.php 第 5 行.
SQL: SELECT COUNT(id) AS tp_count FROM `role` WHERE ( `name` LIKE '%%' ) LIMIT 1   [ RunTime:0.000461s ]
SQL: SELECT * FROM `role` WHERE ( `name` LIKE '%%' ) ORDER BY `id` desc LIMIT 0,20   [ RunTime:0.000464s ]
INFO: [ view_parse ] --START--
NOTIC: [8] Undefined index: _order E:\xampp\htdocs\dwz_thinkphp\Admin\Runtime\Cache\540802f0bd02d0614ae5d372827d97f4.php 第 3 行.
NOTIC: [8] Undefined index: _sort E:\xampp\htdocs\dwz_thinkphp\Admin\Runtime\Cache\540802f0bd02d0614ae5d372827d97f4.php 第 4 行.
NOTIC: [8] Undefined index: _order E:\xampp\htdocs\dwz_thinkphp\Admin\Runtime\Cache\540802f0bd02d0614ae5d372827d97f4.php 第 39 行.
NOTIC: [8] Undefined index: _order E:\xampp\htdocs\dwz_thinkphp\Admin\Runtime\Cache\540802f0bd02d0614ae5d372827d97f4.php 第 41 行.
NOTIC: [8] Use of undefined constant __PUBLIC__ - assumed '__PUBLIC__' E:\xampp\htdocs\dwz_thinkphp\Admin\Common\common.php 第 70 行.
NOTIC: [8] Use of undefined constant __PUBLIC__ - assumed '__PUBLIC__' E:\xampp\htdocs\dwz_thinkphp\Admin\Common\common.php 第 70 行.
NOTIC: [8] Use of undefined constant __PUBLIC__ - assumed '__PUBLIC__' E:\xampp\htdocs\dwz_thinkphp\Admin\Common\common.php 第 70 行.
INFO: ParseTemplate Behavior ::run [ RunTime:0.028103s ]
INFO: [ view_parse ] --END-- [ RunTime:0.028167s ]
INFO: [ view_filter ] --START--
INFO: ContentReplace Behavior ::run [ RunTime:0.000258s ]
INFO: TokenBuild Behavior ::run [ RunTime:0.000216s ]
INFO: WriteHtmlCache Behavior ::run [ RunTime:0.000158s ]
INFO: ShowRuntime Behavior ::run [ RunTime:0.000325s ]
INFO: [ view_filter ] --END-- [ RunTime:0.001042s ]
INFO: [ view_end ] --START--
INFO: ShowPageTrace Behavior ::run [ RunTime:0.000329s ]
INFO: [ view_end ] --END-- [ RunTime:0.000359s ]

[ 2015-04-27T09:39:01+08:00 ] 0.0.0.0 /dwz_thinkphp/Admin/index.php/Node/index/?_=1430098741582
INFO: [ app_begin ] --START--
INFO: ReadHtmlCache Behavior ::run [ RunTime:0.000614s ]
INFO: [ app_begin ] --END-- [ RunTime:0.000686s ]
SQL: SHOW COLUMNS FROM `group` [ RunTime:0.002234s ]
SQL: SELECT `id`,`title` FROM `group` WHERE ( status=1 )  [ RunTime:0.000293s ]
SQL: SHOW COLUMNS FROM `node` [ RunTime:0.002282s ]
NOTIC: [8] Undefined index: pid E:\xampp\htdocs\dwz_thinkphp\Admin\Lib\Action\NodeAction.class.php 第 11 行.
SQL: SHOW COLUMNS FROM `node` [ RunTime:0.002354s ]
SQL: SELECT * FROM `node` WHERE ( `id` = 0 ) LIMIT 1   [ RunTime:0.000377s ]
SQL: SELECT COUNT(id) AS tp_count FROM `node` WHERE ( `pid` = 0 ) LIMIT 1   [ RunTime:0.000277s ]
SQL: SELECT * FROM `node` WHERE ( `pid` = 0 ) ORDER BY `id` desc LIMIT 0,20   [ RunTime:0.000443s ]
INFO: [ view_parse ] --START--
NOTIC: [8] Undefined index: _order E:\xampp\htdocs\dwz_thinkphp\Admin\Runtime\Cache\fc73575304ffe6a06a61dd52ee406a2c.php 第 3 行.
NOTIC: [8] Undefined index: _sort E:\xampp\htdocs\dwz_thinkphp\Admin\Runtime\Cache\fc73575304ffe6a06a61dd52ee406a2c.php 第 4 行.
NOTIC: [8] Use of undefined constant __PUBLIC__ - assumed '__PUBLIC__' E:\xampp\htdocs\dwz_thinkphp\Admin\Common\common.php 第 70 行.
INFO: ParseTemplate Behavior ::run [ RunTime:0.006616s ]
INFO: [ view_parse ] --END-- [ RunTime:0.006660s ]
INFO: [ view_filter ] --START--
INFO: ContentReplace Behavior ::run [ RunTime:0.000280s ]
INFO: TokenBuild Behavior ::run [ RunTime:0.000221s ]
INFO: WriteHtmlCache Behavior ::run [ RunTime:0.000165s ]
INFO: ShowRuntime Behavior ::run [ RunTime:0.000361s ]
INFO: [ view_filter ] --END-- [ RunTime:0.001127s ]
INFO: [ view_end ] --START--
INFO: ShowPageTrace Behavior ::run [ RunTime:0.000330s ]
INFO: [ view_end ] --END-- [ RunTime:0.000360s ]

[ 2015-04-27T09:39:04+08:00 ] 0.0.0.0 /dwz_thinkphp/Admin/index.php/Node/edit/id/1?_=1430098744101
INFO: [ app_begin ] --START--
INFO: ReadHtmlCache Behavior ::run [ RunTime:0.000300s ]
INFO: [ app_begin ] --END-- [ RunTime:0.000337s ]
SQL: SHOW COLUMNS FROM `group` [ RunTime:0.002836s ]
SQL: SELECT * FROM `group` WHERE ( status=1 )  [ RunTime:0.000665s ]
SQL: SHOW COLUMNS FROM `node` [ RunTime:0.003711s ]
SQL: SELECT * FROM `node` WHERE ( `id` = 1 ) LIMIT 1   [ RunTime:0.000653s ]
INFO: [ view_parse ] --START--
INFO: ParseTemplate Behavior ::run [ RunTime:0.071245s ]
INFO: [ view_parse ] --END-- [ RunTime:0.071300s ]
INFO: [ view_filter ] --START--
INFO: ContentReplace Behavior ::run [ RunTime:0.000230s ]
INFO: TokenBuild Behavior ::run [ RunTime:0.000219s ]
INFO: WriteHtmlCache Behavior ::run [ RunTime:0.000188s ]
INFO: ShowRuntime Behavior ::run [ RunTime:0.000300s ]
INFO: [ view_filter ] --END-- [ RunTime:0.001025s ]
INFO: [ view_end ] --START--
INFO: ShowPageTrace Behavior ::run [ RunTime:0.000328s ]
INFO: [ view_end ] --END-- [ RunTime:0.000360s ]

[ 2015-04-27T09:39:24+08:00 ] 0.0.0.0 /dwz_thinkphp/Admin/index.php/Node/add?_=1430098764293
INFO: [ app_begin ] --START--
INFO: ReadHtmlCache Behavior ::run [ RunTime:0.000850s ]
INFO: [ app_begin ] --END-- [ RunTime:0.000950s ]
SQL: SHOW COLUMNS FROM `group` [ RunTime:0.003389s ]
SQL: SELECT * FROM `group` WHERE ( status=1 )  [ RunTime:0.000488s ]
SQL: SHOW COLUMNS FROM `node` [ RunTime:0.002337s ]
SQL: SELECT * FROM `node` WHERE ( `id` = 0 ) LIMIT 1   [ RunTime:0.000457s ]
INFO: [ view_parse ] --START--
INFO: ParseTemplate Behavior ::run [ RunTime:0.019895s ]
INFO: [ view_parse ] --END-- [ RunTime:0.019956s ]
INFO: [ view_filter ] --START--
INFO: ContentReplace Behavior ::run [ RunTime:0.000270s ]
INFO: TokenBuild Behavior ::run [ RunTime:0.000268s ]
INFO: WriteHtmlCache Behavior ::run [ RunTime:0.000178s ]
INFO: ShowRuntime Behavior ::run [ RunTime:0.000306s ]
INFO: [ view_filter ] --END-- [ RunTime:0.001115s ]
INFO: [ view_end ] --START--
INFO: ShowPageTrace Behavior ::run [ RunTime:0.000340s ]
INFO: [ view_end ] --END-- [ RunTime:0.000372s ]

[ 2015-04-27T16:51:54+08:00 ] 0.0.0.0 /dwz_thinkphp/Admin/index.php/Node/index/?_=1430124714047
INFO: [ app_begin ] --START--
INFO: ReadHtmlCache Behavior ::run [ RunTime:0.000679s ]
INFO: [ app_begin ] --END-- [ RunTime:0.000721s ]
SQL: SHOW COLUMNS FROM `group` [ RunTime:0.009238s ]
SQL: SELECT `id`,`title` FROM `group` WHERE ( status=1 )  [ RunTime:0.000357s ]
SQL: SHOW COLUMNS FROM `node` [ RunTime:0.003259s ]
NOTIC: [8] Undefined index: pid E:\xampp\htdocs\dwz_thinkphp\Admin\Lib\Action\NodeAction.class.php 第 11 行.
SQL: SHOW COLUMNS FROM `node` [ RunTime:0.002937s ]
SQL: SELECT * FROM `node` WHERE ( `id` = 0 ) LIMIT 1   [ RunTime:0.000400s ]
SQL: SELECT COUNT(id) AS tp_count FROM `node` WHERE ( `pid` = 0 ) LIMIT 1   [ RunTime:0.000324s ]
SQL: SELECT * FROM `node` WHERE ( `pid` = 0 ) ORDER BY `id` desc LIMIT 0,20   [ RunTime:0.000431s ]
INFO: [ view_parse ] --START--
NOTIC: [8] Undefined index: _order E:\xampp\htdocs\dwz_thinkphp\Admin\Runtime\Cache\fc73575304ffe6a06a61dd52ee406a2c.php 第 3 行.
NOTIC: [8] Undefined index: _sort E:\xampp\htdocs\dwz_thinkphp\Admin\Runtime\Cache\fc73575304ffe6a06a61dd52ee406a2c.php 第 4 行.
NOTIC: [8] Use of undefined constant __PUBLIC__ - assumed '__PUBLIC__' E:\xampp\htdocs\dwz_thinkphp\Admin\Common\common.php 第 70 行.
INFO: ParseTemplate Behavior ::run [ RunTime:0.023662s ]
INFO: [ view_parse ] --END-- [ RunTime:0.023706s ]
INFO: [ view_filter ] --START--
INFO: ContentReplace Behavior ::run [ RunTime:0.000939s ]
INFO: TokenBuild Behavior ::run [ RunTime:0.000910s ]
INFO: WriteHtmlCache Behavior ::run [ RunTime:0.000522s ]
INFO: ShowRuntime Behavior ::run [ RunTime:0.000636s ]
INFO: [ view_filter ] --END-- [ RunTime:0.003125s ]
INFO: [ view_end ] --START--
INFO: ShowPageTrace Behavior ::run [ RunTime:0.000640s ]
INFO: [ view_end ] --END-- [ RunTime:0.000672s ]

[ 2015-04-27T16:52:04+08:00 ] 0.0.0.0 /dwz_thinkphp/Admin/index.php/Role/index/?_=1430124724421
INFO: [ app_begin ] --START--
INFO: ReadHtmlCache Behavior ::run [ RunTime:0.001308s ]
INFO: [ app_begin ] --END-- [ RunTime:0.001453s ]
SQL: SHOW COLUMNS FROM `role` [ RunTime:0.003052s ]
NOTIC: [8] Undefined index: name E:\xampp\htdocs\dwz_thinkphp\Admin\Lib\Action\RoleAction.class.php 第 5 行.
SQL: SELECT COUNT(id) AS tp_count FROM `role` WHERE ( `name` LIKE '%%' ) LIMIT 1   [ RunTime:0.000787s ]
SQL: SELECT * FROM `role` WHERE ( `name` LIKE '%%' ) ORDER BY `id` desc LIMIT 0,20   [ RunTime:0.000537s ]
INFO: [ view_parse ] --START--
NOTIC: [8] Undefined index: _order E:\xampp\htdocs\dwz_thinkphp\Admin\Runtime\Cache\540802f0bd02d0614ae5d372827d97f4.php 第 3 行.
NOTIC: [8] Undefined index: _sort E:\xampp\htdocs\dwz_thinkphp\Admin\Runtime\Cache\540802f0bd02d0614ae5d372827d97f4.php 第 4 行.
NOTIC: [8] Undefined index: _order E:\xampp\htdocs\dwz_thinkphp\Admin\Runtime\Cache\540802f0bd02d0614ae5d372827d97f4.php 第 39 行.
NOTIC: [8] Undefined index: _order E:\xampp\htdocs\dwz_thinkphp\Admin\Runtime\Cache\540802f0bd02d0614ae5d372827d97f4.php 第 41 行.
NOTIC: [8] Use of undefined constant __PUBLIC__ - assumed '__PUBLIC__' E:\xampp\htdocs\dwz_thinkphp\Admin\Common\common.php 第 70 行.
NOTIC: [8] Use of undefined constant __PUBLIC__ - assumed '__PUBLIC__' E:\xampp\htdocs\dwz_thinkphp\Admin\Common\common.php 第 70 行.
NOTIC: [8] Use of undefined constant __PUBLIC__ - assumed '__PUBLIC__' E:\xampp\htdocs\dwz_thinkphp\Admin\Common\common.php 第 70 行.
INFO: ParseTemplate Behavior ::run [ RunTime:0.007797s ]
INFO: [ view_parse ] --END-- [ RunTime:0.007841s ]
INFO: [ view_filter ] --START--
INFO: ContentReplace Behavior ::run [ RunTime:0.000587s ]
INFO: TokenBuild Behavior ::run [ RunTime:0.000522s ]
INFO: WriteHtmlCache Behavior ::run [ RunTime:0.000442s ]
INFO: ShowRuntime Behavior ::run [ RunTime:0.000658s ]
INFO: [ view_filter ] --END-- [ RunTime:0.002308s ]
INFO: [ view_end ] --START--
INFO: ShowPageTrace Behavior ::run [ RunTime:0.000637s ]
INFO: [ view_end ] --END-- [ RunTime:0.000672s ]

[ 2015-04-27T16:52:20+08:00 ] 0.0.0.0 /dwz_thinkphp/Admin/index.php/User/index/?_=1430124740472
INFO: [ app_begin ] --START--
INFO: ReadHtmlCache Behavior ::run [ RunTime:0.001171s ]
INFO: [ app_begin ] --END-- [ RunTime:0.001271s ]
SQL: SHOW COLUMNS FROM `user` [ RunTime:0.017789s ]
NOTIC: [8] Undefined index: account E:\xampp\htdocs\dwz_thinkphp\Admin\Lib\Action\UserAction.class.php 第 6 行.
SQL: SELECT COUNT(id) AS tp_count FROM `user` WHERE ( `id` >= 2 ) AND ( `account` LIKE '%%' ) LIMIT 1   [ RunTime:0.000418s ]
SQL: SELECT * FROM `user` WHERE ( `id` >= 2 ) AND ( `account` LIKE '%%' ) ORDER BY `id` desc LIMIT 0,20   [ RunTime:0.000618s ]
INFO: [ view_parse ] --START--
NOTIC: [8] Undefined index: _order E:\xampp\htdocs\dwz_thinkphp\Admin\Runtime\Cache\b281e7303a51708a2850bfab05f89f50.php 第 3 行.
NOTIC: [8] Undefined index: _sort E:\xampp\htdocs\dwz_thinkphp\Admin\Runtime\Cache\b281e7303a51708a2850bfab05f89f50.php 第 4 行.
NOTIC: [8] Undefined index: _order E:\xampp\htdocs\dwz_thinkphp\Admin\Runtime\Cache\b281e7303a51708a2850bfab05f89f50.php 第 41 行.
NOTIC: [8] Undefined index: _order E:\xampp\htdocs\dwz_thinkphp\Admin\Runtime\Cache\b281e7303a51708a2850bfab05f89f50.php 第 42 行.
NOTIC: [8] Undefined index: _order E:\xampp\htdocs\dwz_thinkphp\Admin\Runtime\Cache\b281e7303a51708a2850bfab05f89f50.php 第 43 行.
NOTIC: [8] Undefined index: _order E:\xampp\htdocs\dwz_thinkphp\Admin\Runtime\Cache\b281e7303a51708a2850bfab05f89f50.php 第 44 行.
NOTIC: [8] Undefined index: _order E:\xampp\htdocs\dwz_thinkphp\Admin\Runtime\Cache\b281e7303a51708a2850bfab05f89f50.php 第 45 行.
NOTIC: [8] Undefined index: _order E:\xampp\htdocs\dwz_thinkphp\Admin\Runtime\Cache\b281e7303a51708a2850bfab05f89f50.php 第 46 行.
NOTIC: [8] Undefined index: _order E:\xampp\htdocs\dwz_thinkphp\Admin\Runtime\Cache\b281e7303a51708a2850bfab05f89f50.php 第 47 行.
INFO: ParseTemplate Behavior ::run [ RunTime:0.008962s ]
INFO: [ view_parse ] --END-- [ RunTime:0.009010s ]
INFO: [ view_filter ] --START--
INFO: ContentReplace Behavior ::run [ RunTime:0.000548s ]
INFO: TokenBuild Behavior ::run [ RunTime:0.000560s ]
INFO: WriteHtmlCache Behavior ::run [ RunTime:0.000443s ]
INFO: ShowRuntime Behavior ::run [ RunTime:0.000581s ]
INFO: [ view_filter ] --END-- [ RunTime:0.002225s ]
INFO: [ view_end ] --START--
INFO: ShowPageTrace Behavior ::run [ RunTime:0.000603s ]
INFO: [ view_end ] --END-- [ RunTime:0.000636s ]

[ 2015-04-27T16:52:23+08:00 ] 0.0.0.0 /dwz_thinkphp/Admin/index.php/User/password/id/4?_=1430124743357
INFO: [ app_begin ] --START--
INFO: ReadHtmlCache Behavior ::run [ RunTime:0.000947s ]
INFO: [ app_begin ] --END-- [ RunTime:0.001041s ]
NOTIC: [8] Constant THEME_NAME already defined E:\xampp\htdocs\dwz_thinkphp\ThinkPHP\Lib\Core\View.class.php 第 221 行.
NOTIC: [8] Constant THEME_PATH already defined E:\xampp\htdocs\dwz_thinkphp\ThinkPHP\Lib\Core\View.class.php 第 172 行.
NOTIC: [8] Constant APP_TMPL_PATH already defined E:\xampp\htdocs\dwz_thinkphp\ThinkPHP\Lib\Core\View.class.php 第 173 行.
INFO: [ view_parse ] --START--
INFO: ParseTemplate Behavior ::run [ RunTime:0.006368s ]
INFO: [ view_parse ] --END-- [ RunTime:0.006427s ]
INFO: [ view_filter ] --START--
INFO: ContentReplace Behavior ::run [ RunTime:0.000526s ]
INFO: TokenBuild Behavior ::run [ RunTime:0.000506s ]
INFO: WriteHtmlCache Behavior ::run [ RunTime:0.000753s ]
INFO: ShowRuntime Behavior ::run [ RunTime:0.000738s ]
INFO: [ view_filter ] --END-- [ RunTime:0.002634s ]
INFO: [ view_end ] --START--
INFO: ShowPageTrace Behavior ::run [ RunTime:0.000749s ]
INFO: [ view_end ] --END-- [ RunTime:0.000795s ]

[ 2015-04-27T17:24:01+08:00 ] 0.0.0.0 /dwz_thinkphp/Admin/index.php/Index/index.html
INFO: [ view_parse ] --START--
INFO: ParseTemplate Behavior ::run [ RunTime:0.009893s ]
INFO: [ view_parse ] --END-- [ RunTime:0.009959s ]
INFO: [ view_filter ] --START--
INFO: ContentReplace Behavior ::run [ RunTime:0.000604s ]
INFO: TokenBuild Behavior ::run [ RunTime:0.000567s ]
INFO: WriteHtmlCache Behavior ::run [ RunTime:0.000449s ]
INFO: ShowRuntime Behavior ::run [ RunTime:0.000578s ]
INFO: [ view_filter ] --END-- [ RunTime:0.002328s ]
INFO: [ view_end ] --START--
INFO: ShowPageTrace Behavior ::run [ RunTime:0.000684s ]
INFO: [ view_end ] --END-- [ RunTime:0.000728s ]

[ 2015-04-27T17:24:14+08:00 ] 0.0.0.0 /dwz_thinkphp/Admin/index.php/Node/index/?_=1430126654062
INFO: [ app_begin ] --START--
INFO: ReadHtmlCache Behavior ::run [ RunTime:0.001545s ]
INFO: [ app_begin ] --END-- [ RunTime:0.001955s ]
SQL: SHOW COLUMNS FROM `group` [ RunTime:0.061235s ]
SQL: SELECT `id`,`title` FROM `group` WHERE ( status=1 )  [ RunTime:0.000307s ]
SQL: SHOW COLUMNS FROM `node` [ RunTime:0.002860s ]
NOTIC: [8] Undefined index: pid E:\xampp\htdocs\dwz_thinkphp\Admin\Lib\Action\NodeAction.class.php 第 11 行.
SQL: SHOW COLUMNS FROM `node` [ RunTime:0.002544s ]
SQL: SELECT * FROM `node` WHERE ( `id` = 0 ) LIMIT 1   [ RunTime:0.000378s ]
SQL: SELECT COUNT(id) AS tp_count FROM `node` WHERE ( `pid` = 0 ) LIMIT 1   [ RunTime:0.000266s ]
SQL: SELECT * FROM `node` WHERE ( `pid` = 0 ) ORDER BY `id` desc LIMIT 0,20   [ RunTime:0.000407s ]
INFO: [ view_parse ] --START--
NOTIC: [8] Undefined index: _order E:\xampp\htdocs\dwz_thinkphp\Admin\Runtime\Cache\fc73575304ffe6a06a61dd52ee406a2c.php 第 3 行.
NOTIC: [8] Undefined index: _sort E:\xampp\htdocs\dwz_thinkphp\Admin\Runtime\Cache\fc73575304ffe6a06a61dd52ee406a2c.php 第 4 行.
NOTIC: [8] Use of undefined constant __PUBLIC__ - assumed '__PUBLIC__' E:\xampp\htdocs\dwz_thinkphp\Admin\Common\common.php 第 70 行.
INFO: ParseTemplate Behavior ::run [ RunTime:0.009665s ]
INFO: [ view_parse ] --END-- [ RunTime:0.009715s ]
INFO: [ view_filter ] --START--
INFO: ContentReplace Behavior ::run [ RunTime:0.000940s ]
INFO: TokenBuild Behavior ::run [ RunTime:0.001071s ]
INFO: WriteHtmlCache Behavior ::run [ RunTime:0.000870s ]
INFO: ShowRuntime Behavior ::run [ RunTime:0.001024s ]
INFO: [ view_filter ] --END-- [ RunTime:0.004068s ]
INFO: [ view_end ] --START--
INFO: ShowPageTrace Behavior ::run [ RunTime:0.001062s ]
INFO: [ view_end ] --END-- [ RunTime:0.001107s ]

[ 2015-04-27T17:24:16+08:00 ] 0.0.0.0 /dwz_thinkphp/Admin/index.php/Node/index/?pageNum=1&_order=&_sort=&_=1430126656909
INFO: [ app_begin ] --START--
INFO: ReadHtmlCache Behavior ::run [ RunTime:0.000648s ]
INFO: [ app_begin ] --END-- [ RunTime:0.000706s ]
SQL: SHOW COLUMNS FROM `group` [ RunTime:0.004466s ]
SQL: SELECT `id`,`title` FROM `group` WHERE ( status=1 )  [ RunTime:0.000404s ]
SQL: SHOW COLUMNS FROM `node` [ RunTime:0.004597s ]
NOTIC: [8] Undefined index: pid E:\xampp\htdocs\dwz_thinkphp\Admin\Lib\Action\NodeAction.class.php 第 11 行.
SQL: SHOW COLUMNS FROM `node` [ RunTime:0.004739s ]
SQL: SELECT * FROM `node` WHERE ( `id` = 0 ) LIMIT 1   [ RunTime:0.000522s ]
SQL: SELECT COUNT(id) AS tp_count FROM `node` WHERE ( `pid` = 0 ) LIMIT 1   [ RunTime:0.000581s ]
SQL: SELECT * FROM `node` WHERE ( `pid` = 0 ) ORDER BY `id` desc LIMIT 0,20   [ RunTime:0.000791s ]
INFO: [ view_parse ] --START--
NOTIC: [8] Use of undefined constant __PUBLIC__ - assumed '__PUBLIC__' E:\xampp\htdocs\dwz_thinkphp\Admin\Common\common.php 第 70 行.
INFO: ParseTemplate Behavior ::run [ RunTime:0.008733s ]
INFO: [ view_parse ] --END-- [ RunTime:0.008884s ]
INFO: [ view_filter ] --START--
INFO: ContentReplace Behavior ::run [ RunTime:0.000964s ]
INFO: TokenBuild Behavior ::run [ RunTime:0.000578s ]
INFO: WriteHtmlCache Behavior ::run [ RunTime:0.000486s ]
INFO: ShowRuntime Behavior ::run [ RunTime:0.000858s ]
INFO: [ view_filter ] --END-- [ RunTime:0.003116s ]
INFO: [ view_end ] --START--
INFO: ShowPageTrace Behavior ::run [ RunTime:0.000679s ]
INFO: [ view_end ] --END-- [ RunTime:0.000717s ]

[ 2015-04-27T17:24:19+08:00 ] 0.0.0.0 /dwz_thinkphp/Admin/index.php/Node/index/?_=1430126659604
INFO: [ app_begin ] --START--
INFO: ReadHtmlCache Behavior ::run [ RunTime:0.000616s ]
INFO: [ app_begin ] --END-- [ RunTime:0.000659s ]
SQL: SHOW COLUMNS FROM `group` [ RunTime:0.002602s ]
SQL: SELECT `id`,`title` FROM `group` WHERE ( status=1 )  [ RunTime:0.000451s ]
SQL: SHOW COLUMNS FROM `node` [ RunTime:0.003977s ]
NOTIC: [8] Undefined index: pid E:\xampp\htdocs\dwz_thinkphp\Admin\Lib\Action\NodeAction.class.php 第 11 行.
SQL: SHOW COLUMNS FROM `node` [ RunTime:0.003547s ]
SQL: SELECT * FROM `node` WHERE ( `id` = 0 ) LIMIT 1   [ RunTime:0.000363s ]
SQL: SELECT COUNT(id) AS tp_count FROM `node` WHERE ( `pid` = 0 ) LIMIT 1   [ RunTime:0.000320s ]
SQL: SELECT * FROM `node` WHERE ( `pid` = 0 ) ORDER BY `id` desc LIMIT 0,20   [ RunTime:0.000417s ]
INFO: [ view_parse ] --START--
NOTIC: [8] Undefined index: _order E:\xampp\htdocs\dwz_thinkphp\Admin\Runtime\Cache\fc73575304ffe6a06a61dd52ee406a2c.php 第 3 行.
NOTIC: [8] Undefined index: _sort E:\xampp\htdocs\dwz_thinkphp\Admin\Runtime\Cache\fc73575304ffe6a06a61dd52ee406a2c.php 第 4 行.
NOTIC: [8] Use of undefined constant __PUBLIC__ - assumed '__PUBLIC__' E:\xampp\htdocs\dwz_thinkphp\Admin\Common\common.php 第 70 行.
INFO: ParseTemplate Behavior ::run [ RunTime:0.007516s ]
INFO: [ view_parse ] --END-- [ RunTime:0.007561s ]
INFO: [ view_filter ] --START--
INFO: ContentReplace Behavior ::run [ RunTime:0.000904s ]
INFO: TokenBuild Behavior ::run [ RunTime:0.000559s ]
INFO: WriteHtmlCache Behavior ::run [ RunTime:0.000867s ]
INFO: ShowRuntime Behavior ::run [ RunTime:0.000727s ]
INFO: [ view_filter ] --END-- [ RunTime:0.003207s ]
INFO: [ view_end ] --START--
INFO: ShowPageTrace Behavior ::run [ RunTime:0.000656s ]
INFO: [ view_end ] --END-- [ RunTime:0.000690s ]

[ 2015-04-27T17:24:23+08:00 ] 0.0.0.0 /dwz_thinkphp/Admin/index.php/Node/index/?_=1430126663603
INFO: [ app_begin ] --START--
INFO: ReadHtmlCache Behavior ::run [ RunTime:0.000606s ]
INFO: [ app_begin ] --END-- [ RunTime:0.000649s ]
SQL: SHOW COLUMNS FROM `group` [ RunTime:0.003490s ]
SQL: SELECT `id`,`title` FROM `group` WHERE ( status=1 )  [ RunTime:0.000348s ]
SQL: SHOW COLUMNS FROM `node` [ RunTime:0.003502s ]
NOTIC: [8] Undefined index: pid E:\xampp\htdocs\dwz_thinkphp\Admin\Lib\Action\NodeAction.class.php 第 11 行.
SQL: SHOW COLUMNS FROM `node` [ RunTime:0.003283s ]
SQL: SELECT * FROM `node` WHERE ( `id` = 0 ) LIMIT 1   [ RunTime:0.000595s ]
SQL: SELECT COUNT(id) AS tp_count FROM `node` WHERE ( `pid` = 0 ) LIMIT 1   [ RunTime:0.000312s ]
SQL: SELECT * FROM `node` WHERE ( `pid` = 0 ) ORDER BY `id` desc LIMIT 0,20   [ RunTime:0.000459s ]
INFO: [ view_parse ] --START--
NOTIC: [8] Undefined index: _order E:\xampp\htdocs\dwz_thinkphp\Admin\Runtime\Cache\fc73575304ffe6a06a61dd52ee406a2c.php 第 3 行.
NOTIC: [8] Undefined index: _sort E:\xampp\htdocs\dwz_thinkphp\Admin\Runtime\Cache\fc73575304ffe6a06a61dd52ee406a2c.php 第 4 行.
NOTIC: [8] Use of undefined constant __PUBLIC__ - assumed '__PUBLIC__' E:\xampp\htdocs\dwz_thinkphp\Admin\Common\common.php 第 70 行.
INFO: ParseTemplate Behavior ::run [ RunTime:0.008133s ]
INFO: [ view_parse ] --END-- [ RunTime:0.008189s ]
INFO: [ view_filter ] --START--
INFO: ContentReplace Behavior ::run [ RunTime:0.000607s ]
INFO: TokenBuild Behavior ::run [ RunTime:0.000531s ]
INFO: WriteHtmlCache Behavior ::run [ RunTime:0.000448s ]
INFO: ShowRuntime Behavior ::run [ RunTime:0.000658s ]
INFO: [ view_filter ] --END-- [ RunTime:0.002359s ]
INFO: [ view_end ] --START--
INFO: ShowPageTrace Behavior ::run [ RunTime:0.000675s ]
INFO: [ view_end ] --END-- [ RunTime:0.000711s ]

[ 2015-04-27T17:24:23+08:00 ] 0.0.0.0 /dwz_thinkphp/Admin/index.php/Node/index/?_=1430126663819
INFO: [ app_begin ] --START--
INFO: ReadHtmlCache Behavior ::run [ RunTime:0.001257s ]
INFO: [ app_begin ] --END-- [ RunTime:0.001454s ]
SQL: SHOW COLUMNS FROM `group` [ RunTime:0.003335s ]
SQL: SELECT `id`,`title` FROM `group` WHERE ( status=1 )  [ RunTime:0.000425s ]
SQL: SHOW COLUMNS FROM `node` [ RunTime:0.003232s ]
NOTIC: [8] Undefined index: pid E:\xampp\htdocs\dwz_thinkphp\Admin\Lib\Action\NodeAction.class.php 第 11 行.
SQL: SHOW COLUMNS FROM `node` [ RunTime:0.002492s ]
SQL: SELECT * FROM `node` WHERE ( `id` = 0 ) LIMIT 1   [ RunTime:0.000326s ]
SQL: SELECT COUNT(id) AS tp_count FROM `node` WHERE ( `pid` = 0 ) LIMIT 1   [ RunTime:0.000223s ]
SQL: SELECT * FROM `node` WHERE ( `pid` = 0 ) ORDER BY `id` desc LIMIT 0,20   [ RunTime:0.000410s ]
INFO: [ view_parse ] --START--
NOTIC: [8] Undefined index: _order E:\xampp\htdocs\dwz_thinkphp\Admin\Runtime\Cache\fc73575304ffe6a06a61dd52ee406a2c.php 第 3 行.
NOTIC: [8] Undefined index: _sort E:\xampp\htdocs\dwz_thinkphp\Admin\Runtime\Cache\fc73575304ffe6a06a61dd52ee406a2c.php 第 4 行.
NOTIC: [8] Use of undefined constant __PUBLIC__ - assumed '__PUBLIC__' E:\xampp\htdocs\dwz_thinkphp\Admin\Common\common.php 第 70 行.
INFO: ParseTemplate Behavior ::run [ RunTime:0.008279s ]
INFO: [ view_parse ] --END-- [ RunTime:0.008341s ]
INFO: [ view_filter ] --START--
INFO: ContentReplace Behavior ::run [ RunTime:0.000556s ]
INFO: TokenBuild Behavior ::run [ RunTime:0.000509s ]
INFO: WriteHtmlCache Behavior ::run [ RunTime:0.000448s ]
INFO: ShowRuntime Behavior ::run [ RunTime:0.000584s ]
INFO: [ view_filter ] --END-- [ RunTime:0.002209s ]
INFO: [ view_end ] --START--
INFO: ShowPageTrace Behavior ::run [ RunTime:0.000634s ]
INFO: [ view_end ] --END-- [ RunTime:0.000668s ]

[ 2015-04-27T17:24:24+08:00 ] 0.0.0.0 /dwz_thinkphp/Admin/index.php/Role/index/?_=1430126664605
INFO: [ app_begin ] --START--
INFO: ReadHtmlCache Behavior ::run [ RunTime:0.000619s ]
INFO: [ app_begin ] --END-- [ RunTime:0.000663s ]
SQL: SHOW COLUMNS FROM `role` [ RunTime:0.002617s ]
NOTIC: [8] Undefined index: name E:\xampp\htdocs\dwz_thinkphp\Admin\Lib\Action\RoleAction.class.php 第 5 行.
SQL: SELECT COUNT(id) AS tp_count FROM `role` WHERE ( `name` LIKE '%%' ) LIMIT 1   [ RunTime:0.000307s ]
SQL: SELECT * FROM `role` WHERE ( `name` LIKE '%%' ) ORDER BY `id` desc LIMIT 0,20   [ RunTime:0.000393s ]
INFO: [ view_parse ] --START--
NOTIC: [8] Undefined index: _order E:\xampp\htdocs\dwz_thinkphp\Admin\Runtime\Cache\540802f0bd02d0614ae5d372827d97f4.php 第 3 行.
NOTIC: [8] Undefined index: _sort E:\xampp\htdocs\dwz_thinkphp\Admin\Runtime\Cache\540802f0bd02d0614ae5d372827d97f4.php 第 4 行.
NOTIC: [8] Undefined index: _order E:\xampp\htdocs\dwz_thinkphp\Admin\Runtime\Cache\540802f0bd02d0614ae5d372827d97f4.php 第 39 行.
NOTIC: [8] Undefined index: _order E:\xampp\htdocs\dwz_thinkphp\Admin\Runtime\Cache\540802f0bd02d0614ae5d372827d97f4.php 第 41 行.
NOTIC: [8] Use of undefined constant __PUBLIC__ - assumed '__PUBLIC__' E:\xampp\htdocs\dwz_thinkphp\Admin\Common\common.php 第 70 行.
NOTIC: [8] Use of undefined constant __PUBLIC__ - assumed '__PUBLIC__' E:\xampp\htdocs\dwz_thinkphp\Admin\Common\common.php 第 70 行.
NOTIC: [8] Use of undefined constant __PUBLIC__ - assumed '__PUBLIC__' E:\xampp\htdocs\dwz_thinkphp\Admin\Common\common.php 第 70 行.
INFO: ParseTemplate Behavior ::run [ RunTime:0.008407s ]
INFO: [ view_parse ] --END-- [ RunTime:0.008455s ]
INFO: [ view_filter ] --START--
INFO: ContentReplace Behavior ::run [ RunTime:0.000571s ]
INFO: TokenBuild Behavior ::run [ RunTime:0.000523s ]
INFO: WriteHtmlCache Behavior ::run [ RunTime:0.000464s ]
INFO: ShowRuntime Behavior ::run [ RunTime:0.000602s ]
INFO: [ view_filter ] --END-- [ RunTime:0.002258s ]
INFO: [ view_end ] --START--
INFO: ShowPageTrace Behavior ::run [ RunTime:0.000645s ]
INFO: [ view_end ] --END-- [ RunTime:0.000681s ]

[ 2015-04-27T17:24:25+08:00 ] 0.0.0.0 /dwz_thinkphp/Admin/index.php/User/index/?_=1430126665179
INFO: [ app_begin ] --START--
INFO: ReadHtmlCache Behavior ::run [ RunTime:0.001345s ]
INFO: [ app_begin ] --END-- [ RunTime:0.001443s ]
SQL: SHOW COLUMNS FROM `user` [ RunTime:0.003036s ]
NOTIC: [8] Undefined index: account E:\xampp\htdocs\dwz_thinkphp\Admin\Lib\Action\UserAction.class.php 第 6 行.
SQL: SELECT COUNT(id) AS tp_count FROM `user` WHERE ( `id` >= 2 ) AND ( `account` LIKE '%%' ) LIMIT 1   [ RunTime:0.000424s ]
SQL: SELECT * FROM `user` WHERE ( `id` >= 2 ) AND ( `account` LIKE '%%' ) ORDER BY `id` desc LIMIT 0,20   [ RunTime:0.000572s ]
INFO: [ view_parse ] --START--
NOTIC: [8] Undefined index: _order E:\xampp\htdocs\dwz_thinkphp\Admin\Runtime\Cache\b281e7303a51708a2850bfab05f89f50.php 第 3 行.
NOTIC: [8] Undefined index: _sort E:\xampp\htdocs\dwz_thinkphp\Admin\Runtime\Cache\b281e7303a51708a2850bfab05f89f50.php 第 4 行.
NOTIC: [8] Undefined index: _order E:\xampp\htdocs\dwz_thinkphp\Admin\Runtime\Cache\b281e7303a51708a2850bfab05f89f50.php 第 41 行.
NOTIC: [8] Undefined index: _order E:\xampp\htdocs\dwz_thinkphp\Admin\Runtime\Cache\b281e7303a51708a2850bfab05f89f50.php 第 42 行.
NOTIC: [8] Undefined index: _order E:\xampp\htdocs\dwz_thinkphp\Admin\Runtime\Cache\b281e7303a51708a2850bfab05f89f50.php 第 43 行.
NOTIC: [8] Undefined index: _order E:\xampp\htdocs\dwz_thinkphp\Admin\Runtime\Cache\b281e7303a51708a2850bfab05f89f50.php 第 44 行.
NOTIC: [8] Undefined index: _order E:\xampp\htdocs\dwz_thinkphp\Admin\Runtime\Cache\b281e7303a51708a2850bfab05f89f50.php 第 45 行.
NOTIC: [8] Undefined index: _order E:\xampp\htdocs\dwz_thinkphp\Admin\Runtime\Cache\b281e7303a51708a2850bfab05f89f50.php 第 46 行.
NOTIC: [8] Undefined index: _order E:\xampp\htdocs\dwz_thinkphp\Admin\Runtime\Cache\b281e7303a51708a2850bfab05f89f50.php 第 47 行.
INFO: ParseTemplate Behavior ::run [ RunTime:0.009160s ]
INFO: [ view_parse ] --END-- [ RunTime:0.009205s ]
INFO: [ view_filter ] --START--
INFO: ContentReplace Behavior ::run [ RunTime:0.000673s ]
INFO: TokenBuild Behavior ::run [ RunTime:0.000578s ]
INFO: WriteHtmlCache Behavior ::run [ RunTime:0.000481s ]
INFO: ShowRuntime Behavior ::run [ RunTime:0.000715s ]
INFO: [ view_filter ] --END-- [ RunTime:0.002542s ]
INFO: [ view_end ] --START--
INFO: ShowPageTrace Behavior ::run [ RunTime:0.000642s ]
INFO: [ view_end ] --END-- [ RunTime:0.000675s ]

[ 2015-04-27T17:24:31+08:00 ] 0.0.0.0 /dwz_thinkphp/Admin/index.php/User/index/?_=1430126671405
INFO: [ app_begin ] --START--
INFO: ReadHtmlCache Behavior ::run [ RunTime:0.000563s ]
INFO: [ app_begin ] --END-- [ RunTime:0.000603s ]
SQL: SHOW COLUMNS FROM `user` [ RunTime:0.003472s ]
NOTIC: [8] Undefined index: account E:\xampp\htdocs\dwz_thinkphp\Admin\Lib\Action\UserAction.class.php 第 6 行.
SQL: SELECT COUNT(id) AS tp_count FROM `user` WHERE ( `id` >= 2 ) AND ( `account` LIKE '%%' ) LIMIT 1   [ RunTime:0.000369s ]
SQL: SELECT * FROM `user` WHERE ( `id` >= 2 ) AND ( `account` LIKE '%%' ) ORDER BY `id` desc LIMIT 0,20   [ RunTime:0.000566s ]
INFO: [ view_parse ] --START--
NOTIC: [8] Undefined index: _order E:\xampp\htdocs\dwz_thinkphp\Admin\Runtime\Cache\b281e7303a51708a2850bfab05f89f50.php 第 3 行.
NOTIC: [8] Undefined index: _sort E:\xampp\htdocs\dwz_thinkphp\Admin\Runtime\Cache\b281e7303a51708a2850bfab05f89f50.php 第 4 行.
NOTIC: [8] Undefined index: _order E:\xampp\htdocs\dwz_thinkphp\Admin\Runtime\Cache\b281e7303a51708a2850bfab05f89f50.php 第 41 行.
NOTIC: [8] Undefined index: _order E:\xampp\htdocs\dwz_thinkphp\Admin\Runtime\Cache\b281e7303a51708a2850bfab05f89f50.php 第 42 行.
NOTIC: [8] Undefined index: _order E:\xampp\htdocs\dwz_thinkphp\Admin\Runtime\Cache\b281e7303a51708a2850bfab05f89f50.php 第 43 行.
NOTIC: [8] Undefined index: _order E:\xampp\htdocs\dwz_thinkphp\Admin\Runtime\Cache\b281e7303a51708a2850bfab05f89f50.php 第 44 行.
NOTIC: [8] Undefined index: _order E:\xampp\htdocs\dwz_thinkphp\Admin\Runtime\Cache\b281e7303a51708a2850bfab05f89f50.php 第 45 行.
NOTIC: [8] Undefined index: _order E:\xampp\htdocs\dwz_thinkphp\Admin\Runtime\Cache\b281e7303a51708a2850bfab05f89f50.php 第 46 行.
NOTIC: [8] Undefined index: _order E:\xampp\htdocs\dwz_thinkphp\Admin\Runtime\Cache\b281e7303a51708a2850bfab05f89f50.php 第 47 行.
INFO: ParseTemplate Behavior ::run [ RunTime:0.009049s ]
INFO: [ view_parse ] --END-- [ RunTime:0.009091s ]
INFO: [ view_filter ] --START--
INFO: ContentReplace Behavior ::run [ RunTime:0.000589s ]
INFO: TokenBuild Behavior ::run [ RunTime:0.000528s ]
INFO: WriteHtmlCache Behavior ::run [ RunTime:0.000399s ]
INFO: ShowRuntime Behavior ::run [ RunTime:0.000646s ]
INFO: [ view_filter ] --END-- [ RunTime:0.002261s ]
INFO: [ view_end ] --START--
INFO: ShowPageTrace Behavior ::run [ RunTime:0.000574s ]
INFO: [ view_end ] --END-- [ RunTime:0.000605s ]

[ 2015-04-27T17:24:37+08:00 ] 0.0.0.0 /dwz_thinkphp/Admin/index.php/User/edit/id/36?_=1430126677045
INFO: [ app_begin ] --START--
INFO: ReadHtmlCache Behavior ::run [ RunTime:0.000641s ]
INFO: [ app_begin ] --END-- [ RunTime:0.000702s ]
SQL: SHOW COLUMNS FROM `user` [ RunTime:0.003090s ]
SQL: SELECT * FROM `user` WHERE ( `id` = 36 ) LIMIT 1   [ RunTime:0.000463s ]
INFO: [ view_parse ] --START--
INFO: ParseTemplate Behavior ::run [ RunTime:0.006901s ]
INFO: [ view_parse ] --END-- [ RunTime:0.006966s ]
INFO: [ view_filter ] --START--
INFO: ContentReplace Behavior ::run [ RunTime:0.000579s ]
INFO: TokenBuild Behavior ::run [ RunTime:0.000599s ]
INFO: WriteHtmlCache Behavior ::run [ RunTime:0.000655s ]
INFO: ShowRuntime Behavior ::run [ RunTime:0.000750s ]
INFO: [ view_filter ] --END-- [ RunTime:0.002736s ]
INFO: [ view_end ] --START--
INFO: ShowPageTrace Behavior ::run [ RunTime:0.000707s ]
INFO: [ view_end ] --END-- [ RunTime:0.000752s ]

[ 2015-04-27T17:24:40+08:00 ] 0.0.0.0 /dwz_thinkphp/Admin/index.php/User/add?_=1430126680783
INFO: [ app_begin ] --START--
INFO: ReadHtmlCache Behavior ::run [ RunTime:0.000902s ]
INFO: [ app_begin ] --END-- [ RunTime:0.000966s ]
INFO: [ view_parse ] --START--
INFO: ParseTemplate Behavior ::run [ RunTime:0.009943s ]
INFO: [ view_parse ] --END-- [ RunTime:0.010032s ]
INFO: [ view_filter ] --START--
INFO: ContentReplace Behavior ::run [ RunTime:0.000825s ]
INFO: TokenBuild Behavior ::run [ RunTime:0.000799s ]
INFO: WriteHtmlCache Behavior ::run [ RunTime:0.000693s ]
INFO: ShowRuntime Behavior ::run [ RunTime:0.000900s ]
INFO: [ view_filter ] --END-- [ RunTime:0.003374s ]
INFO: [ view_end ] --START--
INFO: ShowPageTrace Behavior ::run [ RunTime:0.001078s ]
INFO: [ view_end ] --END-- [ RunTime:0.001151s ]

[ 2015-04-27T17:24:43+08:00 ] 0.0.0.0 /dwz_thinkphp/Admin/index.php/User/add?_=1430126683513
INFO: [ app_begin ] --START--
INFO: ReadHtmlCache Behavior ::run [ RunTime:0.000991s ]
INFO: [ app_begin ] --END-- [ RunTime:0.001057s ]
INFO: [ view_parse ] --START--
INFO: ParseTemplate Behavior ::run [ RunTime:0.005720s ]
INFO: [ view_parse ] --END-- [ RunTime:0.005780s ]
INFO: [ view_filter ] --START--
INFO: ContentReplace Behavior ::run [ RunTime:0.000587s ]
INFO: TokenBuild Behavior ::run [ RunTime:0.000502s ]
INFO: WriteHtmlCache Behavior ::run [ RunTime:0.000461s ]
INFO: ShowRuntime Behavior ::run [ RunTime:0.000605s ]
INFO: [ view_filter ] --END-- [ RunTime:0.002258s ]
INFO: [ view_end ] --START--
INFO: ShowPageTrace Behavior ::run [ RunTime:0.000734s ]
INFO: [ view_end ] --END-- [ RunTime:0.000768s ]

[ 2015-04-27T17:24:46+08:00 ] 0.0.0.0 /dwz_thinkphp/Admin/index.php/User
INFO: [ app_begin ] --START--
INFO: ReadHtmlCache Behavior ::run [ RunTime:0.000680s ]
INFO: [ app_begin ] --END-- [ RunTime:0.000720s ]
SQL: SHOW COLUMNS FROM `user` [ RunTime:0.019827s ]
SQL: SELECT COUNT(id) AS tp_count FROM `user` WHERE ( `id` >= 2 ) AND ( `account` LIKE '%%' ) LIMIT 1   [ RunTime:0.000445s ]
SQL: SELECT * FROM `user` WHERE ( `id` >= 2 ) AND ( `account` LIKE '%%' ) ORDER BY `id` desc LIMIT 0,20   [ RunTime:0.000733s ]
INFO: [ view_parse ] --START--
NOTIC: [8] Undefined index: _order E:\xampp\htdocs\dwz_thinkphp\Admin\Runtime\Cache\b281e7303a51708a2850bfab05f89f50.php 第 3 行.
NOTIC: [8] Undefined index: _sort E:\xampp\htdocs\dwz_thinkphp\Admin\Runtime\Cache\b281e7303a51708a2850bfab05f89f50.php 第 4 行.
NOTIC: [8] Undefined index: _order E:\xampp\htdocs\dwz_thinkphp\Admin\Runtime\Cache\b281e7303a51708a2850bfab05f89f50.php 第 41 行.
NOTIC: [8] Undefined index: _order E:\xampp\htdocs\dwz_thinkphp\Admin\Runtime\Cache\b281e7303a51708a2850bfab05f89f50.php 第 42 行.
NOTIC: [8] Undefined index: _order E:\xampp\htdocs\dwz_thinkphp\Admin\Runtime\Cache\b281e7303a51708a2850bfab05f89f50.php 第 43 行.
NOTIC: [8] Undefined index: _order E:\xampp\htdocs\dwz_thinkphp\Admin\Runtime\Cache\b281e7303a51708a2850bfab05f89f50.php 第 44 行.
NOTIC: [8] Undefined index: _order E:\xampp\htdocs\dwz_thinkphp\Admin\Runtime\Cache\b281e7303a51708a2850bfab05f89f50.php 第 45 行.
NOTIC: [8] Undefined index: _order E:\xampp\htdocs\dwz_thinkphp\Admin\Runtime\Cache\b281e7303a51708a2850bfab05f89f50.php 第 46 行.
NOTIC: [8] Undefined index: _order E:\xampp\htdocs\dwz_thinkphp\Admin\Runtime\Cache\b281e7303a51708a2850bfab05f89f50.php 第 47 行.
INFO: ParseTemplate Behavior ::run [ RunTime:0.008573s ]
INFO: [ view_parse ] --END-- [ RunTime:0.008618s ]
INFO: [ view_filter ] --START--
INFO: ContentReplace Behavior ::run [ RunTime:0.000556s ]
INFO: TokenBuild Behavior ::run [ RunTime:0.000510s ]
INFO: WriteHtmlCache Behavior ::run [ RunTime:0.000481s ]
INFO: ShowRuntime Behavior ::run [ RunTime:0.000747s ]
INFO: [ view_filter ] --END-- [ RunTime:0.002394s ]
INFO: [ view_end ] --START--
INFO: ShowPageTrace Behavior ::run [ RunTime:0.000791s ]
INFO: [ view_end ] --END-- [ RunTime:0.000834s ]

[ 2015-04-27T17:24:50+08:00 ] 0.0.0.0 /dwz_thinkphp/Admin/index.php/Role/index/?_=1430126690707
INFO: [ app_begin ] --START--
INFO: ReadHtmlCache Behavior ::run [ RunTime:0.000676s ]
INFO: [ app_begin ] --END-- [ RunTime:0.000736s ]
SQL: SHOW COLUMNS FROM `role` [ RunTime:0.002382s ]
NOTIC: [8] Undefined index: name E:\xampp\htdocs\dwz_thinkphp\Admin\Lib\Action\RoleAction.class.php 第 5 行.
SQL: SELECT COUNT(id) AS tp_count FROM `role` WHERE ( `name` LIKE '%%' ) LIMIT 1   [ RunTime:0.000274s ]
SQL: SELECT * FROM `role` WHERE ( `name` LIKE '%%' ) ORDER BY `id` desc LIMIT 0,20   [ RunTime:0.000364s ]
INFO: [ view_parse ] --START--
NOTIC: [8] Undefined index: _order E:\xampp\htdocs\dwz_thinkphp\Admin\Runtime\Cache\540802f0bd02d0614ae5d372827d97f4.php 第 3 行.
NOTIC: [8] Undefined index: _sort E:\xampp\htdocs\dwz_thinkphp\Admin\Runtime\Cache\540802f0bd02d0614ae5d372827d97f4.php 第 4 行.
NOTIC: [8] Undefined index: _order E:\xampp\htdocs\dwz_thinkphp\Admin\Runtime\Cache\540802f0bd02d0614ae5d372827d97f4.php 第 39 行.
NOTIC: [8] Undefined index: _order E:\xampp\htdocs\dwz_thinkphp\Admin\Runtime\Cache\540802f0bd02d0614ae5d372827d97f4.php 第 41 行.
NOTIC: [8] Use of undefined constant __PUBLIC__ - assumed '__PUBLIC__' E:\xampp\htdocs\dwz_thinkphp\Admin\Common\common.php 第 70 行.
NOTIC: [8] Use of undefined constant __PUBLIC__ - assumed '__PUBLIC__' E:\xampp\htdocs\dwz_thinkphp\Admin\Common\common.php 第 70 行.
NOTIC: [8] Use of undefined constant __PUBLIC__ - assumed '__PUBLIC__' E:\xampp\htdocs\dwz_thinkphp\Admin\Common\common.php 第 70 行.
INFO: ParseTemplate Behavior ::run [ RunTime:0.007965s ]
INFO: [ view_parse ] --END-- [ RunTime:0.008021s ]
INFO: [ view_filter ] --START--
INFO: ContentReplace Behavior ::run [ RunTime:0.000566s ]
INFO: TokenBuild Behavior ::run [ RunTime:0.000518s ]
INFO: WriteHtmlCache Behavior ::run [ RunTime:0.000454s ]
INFO: ShowRuntime Behavior ::run [ RunTime:0.000578s ]
INFO: [ view_filter ] --END-- [ RunTime:0.002213s ]
INFO: [ view_end ] --START--
INFO: ShowPageTrace Behavior ::run [ RunTime:0.000621s ]
INFO: [ view_end ] --END-- [ RunTime:0.000656s ]

