[ 2015-05-04T09:40:21+08:00 ] 0.0.0.0 /dwz_thinkphp/Admin/index.php/Index/index.html
INFO: [ view_parse ] --START--
INFO: ParseTemplate Behavior ::run [ RunTime:0.031787s ]
INFO: [ view_parse ] --END-- [ RunTime:0.031916s ]
INFO: [ view_filter ] --START--
INFO: ContentReplace Behavior ::run [ RunTime:0.001234s ]
INFO: TokenBuild Behavior ::run [ RunTime:0.001094s ]
INFO: WriteHtmlCache Behavior ::run [ RunTime:0.000915s ]
INFO: ShowRuntime Behavior ::run [ RunTime:0.001159s ]
INFO: [ view_filter ] --END-- [ RunTime:0.004695s ]
INFO: [ view_end ] --START--
INFO: ShowPageTrace Behavior ::run [ RunTime:0.001354s ]
INFO: [ view_end ] --END-- [ RunTime:0.001446s ]

[ 2015-05-04T09:40:21+08:00 ] 0.0.0.0 /dwz_thinkphp/Admin/index.php/Index/index.html
INFO: [ view_parse ] --START--
INFO: ParseTemplate Behavior ::run [ RunTime:0.010971s ]
INFO: [ view_parse ] --END-- [ RunTime:0.011043s ]
INFO: [ view_filter ] --START--
INFO: ContentReplace Behavior ::run [ RunTime:0.000779s ]
INFO: TokenBuild Behavior ::run [ RunTime:0.000754s ]
INFO: WriteHtmlCache Behavior ::run [ RunTime:0.000613s ]
INFO: ShowRuntime Behavior ::run [ RunTime:0.000706s ]
INFO: [ view_filter ] --END-- [ RunTime:0.002971s ]
INFO: [ view_end ] --START--
INFO: ShowPageTrace Behavior ::run [ RunTime:0.000791s ]
INFO: [ view_end ] --END-- [ RunTime:0.000831s ]

[ 2015-05-04T09:48:12+08:00 ] 0.0.0.0 /dwz_thinkphp/Admin/index.php/Index/index.html
INFO: [ view_parse ] --START--
INFO: ParseTemplate Behavior ::run [ RunTime:0.007738s ]
INFO: [ view_parse ] --END-- [ RunTime:0.007788s ]
INFO: [ view_filter ] --START--
INFO: ContentReplace Behavior ::run [ RunTime:0.000415s ]
INFO: TokenBuild Behavior ::run [ RunTime:0.000351s ]
INFO: WriteHtmlCache Behavior ::run [ RunTime:0.000404s ]
INFO: ShowRuntime Behavior ::run [ RunTime:0.000473s ]
INFO: [ view_filter ] --END-- [ RunTime:0.001769s ]
INFO: [ view_end ] --START--
INFO: ShowPageTrace Behavior ::run [ RunTime:0.000491s ]
INFO: [ view_end ] --END-- [ RunTime:0.000528s ]

[ 2015-05-04T09:50:28+08:00 ] 0.0.0.0 /dwz_thinkphp/Admin/index.php/Node/index/?_=1430704228476
INFO: [ app_begin ] --START--
INFO: ReadHtmlCache Behavior ::run [ RunTime:0.000539s ]
INFO: [ app_begin ] --END-- [ RunTime:0.000587s ]
SQL: SHOW COLUMNS FROM `group` [ RunTime:0.008228s ]
SQL: SELECT `id`,`title` FROM `group` WHERE ( status=1 )  [ RunTime:0.000393s ]
SQL: SHOW COLUMNS FROM `node` [ RunTime:0.002881s ]
NOTIC: [8] Undefined index: pid E:\xampp\htdocs\dwz_thinkphp\Admin\Lib\Action\NodeAction.class.php 第 11 行.
SQL: SHOW COLUMNS FROM `node` [ RunTime:0.002611s ]
SQL: SELECT * FROM `node` WHERE ( `id` = 0 ) LIMIT 1   [ RunTime:0.000399s ]
SQL: SELECT COUNT(id) AS tp_count FROM `node` WHERE ( `pid` = 0 ) LIMIT 1   [ RunTime:0.000301s ]
SQL: SELECT * FROM `node` WHERE ( `pid` = 0 ) ORDER BY `id` desc LIMIT 0,20   [ RunTime:0.000559s ]
INFO: [ view_parse ] --START--
NOTIC: [8] Undefined index: _order E:\xampp\htdocs\dwz_thinkphp\Admin\Runtime\Cache\fc73575304ffe6a06a61dd52ee406a2c.php 第 3 行.
NOTIC: [8] Undefined index: _sort E:\xampp\htdocs\dwz_thinkphp\Admin\Runtime\Cache\fc73575304ffe6a06a61dd52ee406a2c.php 第 4 行.
NOTIC: [8] Use of undefined constant __PUBLIC__ - assumed '__PUBLIC__' E:\xampp\htdocs\dwz_thinkphp\Admin\Common\common.php 第 70 行.
INFO: ParseTemplate Behavior ::run [ RunTime:0.013184s ]
INFO: [ view_parse ] --END-- [ RunTime:0.013246s ]
INFO: [ view_filter ] --START--
INFO: ContentReplace Behavior ::run [ RunTime:0.000450s ]
INFO: TokenBuild Behavior ::run [ RunTime:0.000414s ]
INFO: WriteHtmlCache Behavior ::run [ RunTime:0.000357s ]
INFO: ShowRuntime Behavior ::run [ RunTime:0.000633s ]
INFO: [ view_filter ] --END-- [ RunTime:0.001971s ]
INFO: [ view_end ] --START--
INFO: ShowPageTrace Behavior ::run [ RunTime:0.000746s ]
INFO: [ view_end ] --END-- [ RunTime:0.000792s ]

[ 2015-05-04T15:36:13+08:00 ] 0.0.0.0 /dwz/Admin/index.php/Index/index.html
INFO: [ view_parse ] --START--
INFO: ParseTemplate Behavior ::run [ RunTime:0.027988s ]
INFO: [ view_parse ] --END-- [ RunTime:0.028172s ]
INFO: [ view_filter ] --START--
INFO: ContentReplace Behavior ::run [ RunTime:0.001048s ]
INFO: TokenBuild Behavior ::run [ RunTime:0.000435s ]
INFO: WriteHtmlCache Behavior ::run [ RunTime:0.000336s ]
INFO: ShowRuntime Behavior ::run [ RunTime:0.000486s ]
INFO: [ view_filter ] --END-- [ RunTime:0.002531s ]
INFO: [ view_end ] --START--
INFO: ShowPageTrace Behavior ::run [ RunTime:0.000640s ]
INFO: [ view_end ] --END-- [ RunTime:0.000697s ]

[ 2015-05-04T15:36:14+08:00 ] 0.0.0.0 /dwz/Admin/index.php/Index/index.html
INFO: [ view_parse ] --START--
INFO: ParseTemplate Behavior ::run [ RunTime:0.007808s ]
INFO: [ view_parse ] --END-- [ RunTime:0.007875s ]
INFO: [ view_filter ] --START--
INFO: ContentReplace Behavior ::run [ RunTime:0.000392s ]
INFO: TokenBuild Behavior ::run [ RunTime:0.000284s ]
INFO: WriteHtmlCache Behavior ::run [ RunTime:0.000287s ]
INFO: ShowRuntime Behavior ::run [ RunTime:0.000381s ]
INFO: [ view_filter ] --END-- [ RunTime:0.001460s ]
INFO: [ view_end ] --START--
INFO: ShowPageTrace Behavior ::run [ RunTime:0.000636s ]
INFO: [ view_end ] --END-- [ RunTime:0.000688s ]

[ 2015-05-04T17:21:16+08:00 ] 0.0.0.0 /dwz/Admin/index.php/Public/checkLogin/
INFO: [ app_begin ] --START--
INFO: ReadHtmlCache Behavior ::run [ RunTime:0.000449s ]
INFO: CheckLang Behavior ::run [ RunTime:0.000519s ]
INFO: [ app_begin ] --END-- [ RunTime:0.001043s ]

[ 2015-05-04T17:33:12+08:00 ] 0.0.0.0 /dwz/Admin/index.php/Public/checkLogin/
INFO: [ app_begin ] --START--
INFO: ReadHtmlCache Behavior ::run [ RunTime:0.001019s ]
INFO: CheckLang Behavior ::run [ RunTime:0.001458s ]
INFO: [ app_begin ] --END-- [ RunTime:0.002623s ]

[ 2015-05-04T17:33:23+08:00 ] 0.0.0.0 /dwz/Admin/index.php/Public/checkLogin/
INFO: [ app_begin ] --START--
INFO: ReadHtmlCache Behavior ::run [ RunTime:0.000838s ]
INFO: CheckLang Behavior ::run [ RunTime:0.001168s ]
INFO: [ app_begin ] --END-- [ RunTime:0.002154s ]

[ 2015-05-04T17:34:01+08:00 ] 0.0.0.0 /dwz/Admin/index.php/Public/checkLogin/
INFO: [ app_begin ] --START--
INFO: ReadHtmlCache Behavior ::run [ RunTime:0.000490s ]
INFO: CheckLang Behavior ::run [ RunTime:0.000705s ]
INFO: [ app_begin ] --END-- [ RunTime:0.001269s ]

[ 2015-05-04T17:34:28+08:00 ] 0.0.0.0 /dwz/Admin/index.php/Public/checkLogin/
INFO: [ app_begin ] --START--
INFO: ReadHtmlCache Behavior ::run [ RunTime:0.000433s ]
INFO: CheckLang Behavior ::run [ RunTime:0.000500s ]
INFO: [ app_begin ] --END-- [ RunTime:0.001005s ]

[ 2015-05-04T17:35:56+08:00 ] 0.0.0.0 /dwz/Admin/index.php/Public/checkLogin/
INFO: [ app_begin ] --START--
INFO: ReadHtmlCache Behavior ::run [ RunTime:0.000970s ]
INFO: CheckLang Behavior ::run [ RunTime:0.001051s ]
INFO: [ app_begin ] --END-- [ RunTime:0.002128s ]

[ 2015-05-04T17:37:48+08:00 ] 0.0.0.0 /dwz/Admin/index.php/Public/checkLogin/
INFO: [ app_begin ] --START--
INFO: ReadHtmlCache Behavior ::run [ RunTime:0.000836s ]
INFO: CheckLang Behavior ::run [ RunTime:0.001118s ]
INFO: [ app_begin ] --END-- [ RunTime:0.002110s ]

[ 2015-05-04T17:37:50+08:00 ] 0.0.0.0 /dwz/Admin/index.php/Public/checkLogin/
INFO: [ app_begin ] --START--
INFO: ReadHtmlCache Behavior ::run [ RunTime:0.000750s ]
INFO: CheckLang Behavior ::run [ RunTime:0.001033s ]
INFO: [ app_begin ] --END-- [ RunTime:0.001918s ]

[ 2015-05-04T17:37:50+08:00 ] 0.0.0.0 /dwz/Admin/index.php/Public/checkLogin/
INFO: [ app_begin ] --START--
INFO: ReadHtmlCache Behavior ::run [ RunTime:0.001227s ]
INFO: CheckLang Behavior ::run [ RunTime:0.001542s ]
INFO: [ app_begin ] --END-- [ RunTime:0.002954s ]

[ 2015-05-04T17:37:50+08:00 ] 0.0.0.0 /dwz/Admin/index.php/Public/checkLogin/
INFO: [ app_begin ] --START--
INFO: ReadHtmlCache Behavior ::run [ RunTime:0.000615s ]
INFO: CheckLang Behavior ::run [ RunTime:0.000843s ]
INFO: [ app_begin ] --END-- [ RunTime:0.001563s ]

[ 2015-05-04T17:39:48+08:00 ] 0.0.0.0 /dwz/Admin/index.php/Public/checkLogin/
INFO: [ app_begin ] --START--
INFO: ReadHtmlCache Behavior ::run [ RunTime:0.000865s ]
INFO: CheckLang Behavior ::run [ RunTime:0.001127s ]
INFO: [ app_begin ] --END-- [ RunTime:0.002109s ]

[ 2015-05-04T17:40:02+08:00 ] 0.0.0.0 /dwz/Admin/index.php/Public/checkLogin/
INFO: [ app_begin ] --START--
INFO: ReadHtmlCache Behavior ::run [ RunTime:0.000712s ]
INFO: CheckLang Behavior ::run [ RunTime:0.000894s ]
INFO: [ app_begin ] --END-- [ RunTime:0.001705s ]

[ 2015-05-04T17:40:04+08:00 ] 0.0.0.0 /dwz/Admin/index.php/Public/checkLogin/
INFO: [ app_begin ] --START--
INFO: ReadHtmlCache Behavior ::run [ RunTime:0.000635s ]
INFO: CheckLang Behavior ::run [ RunTime:0.000738s ]
INFO: [ app_begin ] --END-- [ RunTime:0.001448s ]

[ 2015-05-04T17:40:05+08:00 ] 0.0.0.0 /dwz/Admin/index.php/Public/checkLogin/
INFO: [ app_begin ] --START--
INFO: ReadHtmlCache Behavior ::run [ RunTime:0.001390s ]
INFO: CheckLang Behavior ::run [ RunTime:0.001526s ]
INFO: [ app_begin ] --END-- [ RunTime:0.003083s ]

[ 2015-05-04T17:46:18+08:00 ] 0.0.0.0 /dwz/Admin/index.php/Public/checkLogin/
INFO: [ app_begin ] --START--
INFO: ReadHtmlCache Behavior ::run [ RunTime:0.000703s ]
INFO: CheckLang Behavior ::run [ RunTime:0.000972s ]
INFO: [ app_begin ] --END-- [ RunTime:0.001771s ]

[ 2015-05-04T18:13:07+08:00 ] 0.0.0.0 /dwz/Admin/index.php/Public/checkLogin/
INFO: [ app_begin ] --START--
INFO: ReadHtmlCache Behavior ::run [ RunTime:0.000864s ]
INFO: CheckLang Behavior ::run [ RunTime:0.001257s ]
INFO: [ app_begin ] --END-- [ RunTime:0.002267s ]

[ 2015-05-04T18:13:08+08:00 ] 0.0.0.0 /dwz/Admin/index.php/Public/checkLogin/
INFO: [ app_begin ] --START--
INFO: ReadHtmlCache Behavior ::run [ RunTime:0.001062s ]
INFO: CheckLang Behavior ::run [ RunTime:0.001286s ]
INFO: [ app_begin ] --END-- [ RunTime:0.002543s ]

[ 2015-05-04T18:13:13+08:00 ] 0.0.0.0 /dwz/Admin/index.php/Public/checkLogin/
INFO: [ app_begin ] --START--
INFO: ReadHtmlCache Behavior ::run [ RunTime:0.000701s ]
INFO: CheckLang Behavior ::run [ RunTime:0.000767s ]
INFO: [ app_begin ] --END-- [ RunTime:0.001583s ]

[ 2015-05-04T18:13:56+08:00 ] 0.0.0.0 /dwz/Admin/index.php/Public/checkLogin/
INFO: [ app_begin ] --START--
INFO: ReadHtmlCache Behavior ::run [ RunTime:0.000561s ]
INFO: CheckLang Behavior ::run [ RunTime:0.000749s ]
INFO: [ app_begin ] --END-- [ RunTime:0.001387s ]

[ 2015-05-04T18:14:04+08:00 ] 0.0.0.0 /dwz/Admin/index.php/Public/checkLogin/
INFO: [ app_begin ] --START--
INFO: ReadHtmlCache Behavior ::run [ RunTime:0.001042s ]
INFO: CheckLang Behavior ::run [ RunTime:0.001517s ]
INFO: [ app_begin ] --END-- [ RunTime:0.002705s ]
SQL: SHOW COLUMNS FROM `user` [ RunTime:0.006813s ]
SQL: SELECT * FROM `user` WHERE ( `account` = 'admin' ) AND ( `status` > 0 ) LIMIT 1   [ RunTime:0.001217s ]
SQL: UPDATE `user` SET `last_login_time`=1430734444,`login_count`=login_count+1,`last_login_ip`='0.0.0.0' WHERE ( `id` = 1 ) [ RunTime:0.000807s ]

[ 2015-05-04T18:14:06+08:00 ] 0.0.0.0 /dwz/Admin/index.php/Public/checkLogin/
INFO: [ app_begin ] --START--
INFO: ReadHtmlCache Behavior ::run [ RunTime:0.000825s ]
INFO: CheckLang Behavior ::run [ RunTime:0.001238s ]
INFO: [ app_begin ] --END-- [ RunTime:0.002181s ]
SQL: SHOW COLUMNS FROM `user` [ RunTime:0.004804s ]
SQL: SELECT * FROM `user` WHERE ( `account` = 'admin' ) AND ( `status` > 0 ) LIMIT 1   [ RunTime:0.000938s ]
SQL: UPDATE `user` SET `last_login_time`=1430734446,`login_count`=login_count+1,`last_login_ip`='0.0.0.0' WHERE ( `id` = 1 ) [ RunTime:0.000561s ]

[ 2015-05-04T18:14:06+08:00 ] 0.0.0.0 /dwz/Admin/index.php/Public/checkLogin/
INFO: [ app_begin ] --START--
INFO: ReadHtmlCache Behavior ::run [ RunTime:0.000697s ]
INFO: CheckLang Behavior ::run [ RunTime:0.000986s ]
INFO: [ app_begin ] --END-- [ RunTime:0.001781s ]
SQL: SHOW COLUMNS FROM `user` [ RunTime:0.002843s ]
SQL: SELECT * FROM `user` WHERE ( `account` = 'admin' ) AND ( `status` > 0 ) LIMIT 1   [ RunTime:0.000493s ]
SQL: UPDATE `user` SET `last_login_time`=1430734446,`login_count`=login_count+1,`last_login_ip`='0.0.0.0' WHERE ( `id` = 1 ) [ RunTime:0.000316s ]

[ 2015-05-04T18:14:06+08:00 ] 0.0.0.0 /dwz/Admin/index.php/Public/checkLogin/
INFO: [ app_begin ] --START--
INFO: ReadHtmlCache Behavior ::run [ RunTime:0.000570s ]
INFO: CheckLang Behavior ::run [ RunTime:0.000769s ]
INFO: [ app_begin ] --END-- [ RunTime:0.001416s ]
SQL: SHOW COLUMNS FROM `user` [ RunTime:0.003164s ]
SQL: SELECT * FROM `user` WHERE ( `account` = 'admin' ) AND ( `status` > 0 ) LIMIT 1   [ RunTime:0.000598s ]
SQL: UPDATE `user` SET `last_login_time`=1430734446,`login_count`=login_count+1,`last_login_ip`='0.0.0.0' WHERE ( `id` = 1 ) [ RunTime:0.000349s ]

[ 2015-05-04T18:14:13+08:00 ] 0.0.0.0 /dwz/Admin/index.php/Index/index.html
INFO: [ view_parse ] --START--
INFO: ParseTemplate Behavior ::run [ RunTime:0.014361s ]
INFO: [ view_parse ] --END-- [ RunTime:0.014453s ]
INFO: [ view_filter ] --START--
INFO: ContentReplace Behavior ::run [ RunTime:0.000916s ]
INFO: TokenBuild Behavior ::run [ RunTime:0.000764s ]
INFO: WriteHtmlCache Behavior ::run [ RunTime:0.000599s ]
INFO: ShowRuntime Behavior ::run [ RunTime:0.000806s ]
INFO: [ view_filter ] --END-- [ RunTime:0.003293s ]
INFO: [ view_end ] --START--
INFO: ShowPageTrace Behavior ::run [ RunTime:0.000934s ]
INFO: [ view_end ] --END-- [ RunTime:0.001007s ]

[ 2015-05-04T18:14:13+08:00 ] 0.0.0.0 /dwz/Admin/index.php/Index/index.html
INFO: [ view_parse ] --START--
INFO: ParseTemplate Behavior ::run [ RunTime:0.008425s ]
INFO: [ view_parse ] --END-- [ RunTime:0.008485s ]
INFO: [ view_filter ] --START--
INFO: ContentReplace Behavior ::run [ RunTime:0.000485s ]
INFO: TokenBuild Behavior ::run [ RunTime:0.000420s ]
INFO: WriteHtmlCache Behavior ::run [ RunTime:0.000440s ]
INFO: ShowRuntime Behavior ::run [ RunTime:0.000472s ]
INFO: [ view_filter ] --END-- [ RunTime:0.001926s ]
INFO: [ view_end ] --START--
INFO: ShowPageTrace Behavior ::run [ RunTime:0.000626s ]
INFO: [ view_end ] --END-- [ RunTime:0.000672s ]

[ 2015-05-04T18:14:25+08:00 ] 0.0.0.0 /dwz/Admin/index.php/Public/checkLogin/
INFO: [ app_begin ] --START--
INFO: ReadHtmlCache Behavior ::run [ RunTime:0.000465s ]
INFO: CheckLang Behavior ::run [ RunTime:0.000599s ]
INFO: [ app_begin ] --END-- [ RunTime:0.001125s ]
SQL: SHOW COLUMNS FROM `user` [ RunTime:0.002793s ]
SQL: SELECT * FROM `user` WHERE ( `account` = 'admin' ) AND ( `status` > 0 ) LIMIT 1   [ RunTime:0.000508s ]
SQL: UPDATE `user` SET `last_login_time`=1430734465,`login_count`=login_count+1,`last_login_ip`='0.0.0.0' WHERE ( `id` = 1 ) [ RunTime:0.000314s ]

[ 2015-05-04T18:14:27+08:00 ] 0.0.0.0 /dwz/Admin/index.php/Public/checkLogin/
INFO: [ app_begin ] --START--
INFO: ReadHtmlCache Behavior ::run [ RunTime:0.000794s ]
INFO: CheckLang Behavior ::run [ RunTime:0.000940s ]
INFO: [ app_begin ] --END-- [ RunTime:0.001839s ]
SQL: SHOW COLUMNS FROM `user` [ RunTime:0.003965s ]
SQL: SELECT * FROM `user` WHERE ( `account` = 'admin' ) AND ( `status` > 0 ) LIMIT 1   [ RunTime:0.000792s ]
SQL: UPDATE `user` SET `last_login_time`=1430734467,`login_count`=login_count+1,`last_login_ip`='0.0.0.0' WHERE ( `id` = 1 ) [ RunTime:0.000458s ]

[ 2015-05-04T18:14:41+08:00 ] 0.0.0.0 /dwz/Admin/index.php/Public/checkLogin/
INFO: [ app_begin ] --START--
INFO: ReadHtmlCache Behavior ::run [ RunTime:0.000593s ]
INFO: CheckLang Behavior ::run [ RunTime:0.000762s ]
INFO: [ app_begin ] --END-- [ RunTime:0.001438s ]
SQL: SHOW COLUMNS FROM `user` [ RunTime:0.003698s ]
SQL: SELECT * FROM `user` WHERE ( `account` = 'admin' ) AND ( `status` > 0 ) LIMIT 1   [ RunTime:0.000734s ]
SQL: UPDATE `user` SET `last_login_time`=1430734481,`login_count`=login_count+1,`last_login_ip`='0.0.0.0' WHERE ( `id` = 1 ) [ RunTime:0.000390s ]

[ 2015-05-04T18:14:41+08:00 ] 0.0.0.0 /dwz/Admin/index.php/Public/checkLogin/
INFO: [ app_begin ] --START--
INFO: ReadHtmlCache Behavior ::run [ RunTime:0.001129s ]
INFO: CheckLang Behavior ::run [ RunTime:0.001398s ]
INFO: [ app_begin ] --END-- [ RunTime:0.002671s ]
SQL: SHOW COLUMNS FROM `user` [ RunTime:0.006454s ]
SQL: SELECT * FROM `user` WHERE ( `account` = 'admin' ) AND ( `status` > 0 ) LIMIT 1   [ RunTime:0.001119s ]
SQL: UPDATE `user` SET `last_login_time`=1430734481,`login_count`=login_count+1,`last_login_ip`='0.0.0.0' WHERE ( `id` = 1 ) [ RunTime:0.000645s ]

[ 2015-05-04T18:14:44+08:00 ] 0.0.0.0 /dwz/Admin/index.php/Public/checkLogin/
INFO: [ app_begin ] --START--
INFO: ReadHtmlCache Behavior ::run [ RunTime:0.000881s ]
INFO: CheckLang Behavior ::run [ RunTime:0.001114s ]
INFO: [ app_begin ] --END-- [ RunTime:0.002111s ]

[ 2015-05-04T18:14:44+08:00 ] 0.0.0.0 /dwz/Admin/index.php/Index/index.html
INFO: [ view_parse ] --START--
INFO: ParseTemplate Behavior ::run [ RunTime:0.008360s ]
INFO: [ view_parse ] --END-- [ RunTime:0.008417s ]
INFO: [ view_filter ] --START--
INFO: ContentReplace Behavior ::run [ RunTime:0.000457s ]
INFO: TokenBuild Behavior ::run [ RunTime:0.000388s ]
INFO: WriteHtmlCache Behavior ::run [ RunTime:0.000332s ]
INFO: ShowRuntime Behavior ::run [ RunTime:0.000424s ]
INFO: [ view_filter ] --END-- [ RunTime:0.001716s ]
INFO: [ view_end ] --START--
INFO: ShowPageTrace Behavior ::run [ RunTime:0.000502s ]
INFO: [ view_end ] --END-- [ RunTime:0.000539s ]

[ 2015-05-04T18:14:44+08:00 ] 0.0.0.0 /dwz/Admin/index.php/Index/index.html
INFO: [ view_parse ] --START--
INFO: ParseTemplate Behavior ::run [ RunTime:0.008428s ]
INFO: [ view_parse ] --END-- [ RunTime:0.008518s ]
INFO: [ view_filter ] --START--
INFO: ContentReplace Behavior ::run [ RunTime:0.000586s ]
INFO: TokenBuild Behavior ::run [ RunTime:0.000475s ]
INFO: WriteHtmlCache Behavior ::run [ RunTime:0.000364s ]
INFO: ShowRuntime Behavior ::run [ RunTime:0.000482s ]
INFO: [ view_filter ] --END-- [ RunTime:0.002061s ]
INFO: [ view_end ] --START--
INFO: ShowPageTrace Behavior ::run [ RunTime:0.000955s ]
INFO: [ view_end ] --END-- [ RunTime:0.001014s ]

[ 2015-05-04T18:39:36+08:00 ] 0.0.0.0 /dwz/Admin/index.php/Public/checkLogin/
INFO: [ app_begin ] --START--
INFO: ReadHtmlCache Behavior ::run [ RunTime:0.000525s ]
INFO: CheckLang Behavior ::run [ RunTime:0.000822s ]
INFO: [ app_begin ] --END-- [ RunTime:0.001423s ]

[ 2015-05-04T18:39:37+08:00 ] 0.0.0.0 /dwz/Admin/index.php/Public/checkLogin/
INFO: [ app_begin ] --START--
INFO: ReadHtmlCache Behavior ::run [ RunTime:0.000631s ]
INFO: CheckLang Behavior ::run [ RunTime:0.000914s ]
INFO: [ app_begin ] --END-- [ RunTime:0.001643s ]

